2026-03-11 10:40:31,273 - UI_AUTO - INFO - driver_manager.py:50 - 成功初始化 chrome 驱动
2026-03-11 10:40:41,844 - UI_AUTO - ERROR - base_page.py:27 - 等待元素 ('xpath', '//*[@id="account_input"]') 失败：Message: 
Stacktrace:
	chromedriver!GetHandleVerifier [0x7ff68c0b10b5+14cc5]
	chromedriver!GetHandleVerifier [0x7ff68c0b1120+14d30]
	chromedriver!(No symbol) [0x7ff68be1db6d]
	chromedriver!(No symbol) [0x7ff68be77082]
	chromedriver!(No symbol) [0x7ff68be7738c]
	chromedriver!(No symbol) [0x7ff68bec73f7]
	chromedriver!(No symbol) [0x7ff68bec3f7b]
	chromedriver!(No symbol) [0x7ff68be696e8]
	chromedriver!(No symbol) [0x7ff68be6a5d3]
	chromedriver!GetHandleVerifier [0x7ff68c3b5ded+3199fd]
	chromedriver!GetHandleVerifier [0x7ff68c3b04cd+3140dd]
	chromedriver!GetHandleVerifier [0x7ff68c3d29ca+3365da]
	chromedriver!GetHandleVerifier [0x7ff68c0cca55+30665]
	chromedriver!GetHandleVerifier [0x7ff68c0d5bac+397bc]
	chromedriver!GetHandleVerifier [0x7ff68c0ba4d4+1e0e4]
	chromedriver!GetHandleVerifier [0x7ff68c0ba686+1e296]
	chromedriver!GetHandleVerifier [0x7ff68c09ef97+2ba7]
	KERNEL32!BaseThreadInitThunk [0x7ffef8c4e8d7+17]
	ntdll!RtlUserThreadStart [0x7ffefa58c40c+2c]

2026-03-11 10:40:41,944 - UI_AUTO - INFO - screenshot.py:26 - 截图成功，保存路径：C:\Users\Simon Cui\PycharmProjects\ui_auto_framework\reports\screenshots\wait_element_fail_//*[@id="account_input"]_20260311_104041.png
2026-03-11 10:41:09,416 - UI_AUTO - INFO - driver_manager.py:50 - 成功初始化 chrome 驱动
2026-03-11 10:41:11,139 - UI_AUTO - INFO - base_page.py:54 - 打开网址：https://feilian.isoftstone.com:10443/login/login
2026-03-11 10:41:18,680 - UI_AUTO - INFO - base_page.py:24 - 元素 ('xpath', '//*[@id="account_input"]') 已可见
2026-03-11 10:41:18,777 - UI_AUTO - INFO - base_page.py:42 - 向元素 ('xpath', '//*[@id="account_input"]') 输入文本：chenyang
2026-03-11 10:41:18,791 - UI_AUTO - INFO - base_page.py:24 - 元素 ('xpath', '//*[@id="password_input"]') 已可见
2026-03-11 10:41:18,866 - UI_AUTO - INFO - base_page.py:42 - 向元素 ('xpath', '//*[@id="password_input"]') 输入文本：chenyang
2026-03-11 10:41:18,883 - UI_AUTO - INFO - base_page.py:24 - 元素 ('xpath', '//*[@id="root"]/section/main/div/div[1]/div[3]/div/div[2]/div[1]/div[3]/label/span/div') 已可见
2026-03-11 10:41:18,925 - UI_AUTO - INFO - base_page.py:35 - 点击元素 ('xpath', '//*[@id="root"]/section/main/div/div[1]/div[3]/div/div[2]/div[1]/div[3]/label/span/div')
2026-03-11 10:41:18,959 - UI_AUTO - INFO - base_page.py:24 - 元素 ('xpath', '//*[@id="root"]/section/main/div/div[1]/div[3]/div/div[2]/div[1]/div[1]/form/button') 已可见
2026-03-11 10:41:19,012 - UI_AUTO - INFO - base_page.py:35 - 点击元素 ('xpath', '//*[@id="root"]/section/main/div/div[1]/div[3]/div/div[2]/div[1]/div[1]/form/button')
2026-03-11 10:46:56,185 - UI_AUTO - INFO - driver_manager.py:52 - 成功初始化 chrome 驱动
2026-03-11 10:46:58,433 - UI_AUTO - INFO - base_page.py:54 - 打开网址：https://feilian.isoftstone.com:10443/login/login
2026-03-11 10:47:06,153 - UI_AUTO - INFO - base_page.py:24 - 元素 ('xpath', '//*[@id="account_input"]') 已可见
2026-03-11 10:47:06,243 - UI_AUTO - INFO - base_page.py:42 - 向元素 ('xpath', '//*[@id="account_input"]') 输入文本：chenyang
2026-03-11 10:47:06,258 - UI_AUTO - INFO - base_page.py:24 - 元素 ('xpath', '//*[@id="password_input"]') 已可见
2026-03-11 10:47:06,333 - UI_AUTO - INFO - base_page.py:42 - 向元素 ('xpath', '//*[@id="password_input"]') 输入文本：chenyang
2026-03-11 10:47:06,350 - UI_AUTO - INFO - base_page.py:24 - 元素 ('xpath', '//*[@id="root"]/section/main/div/div[1]/div[3]/div/div[2]/div[2]/div[2]/div[4]') 已可见
2026-03-11 10:47:06,402 - UI_AUTO - INFO - base_page.py:35 - 点击元素 ('xpath', '//*[@id="root"]/section/main/div/div[1]/div[3]/div/div[2]/div[2]/div[2]/div[4]')
2026-03-11 10:47:06,425 - UI_AUTO - INFO - base_page.py:24 - 元素 ('xpath', '//*[@id="root"]/section/main/div/div[1]/div[3]/div/div[2]/div[1]/div[3]/label/span/div') 已可见
2026-03-11 10:47:37,862 - UI_AUTO - INFO - driver_manager.py:52 - 成功初始化 chrome 驱动
2026-03-11 10:47:42,441 - UI_AUTO - INFO - base_page.py:54 - 打开网址：https://feilian.isoftstone.com:10443/login/login
2026-03-11 10:47:50,375 - UI_AUTO - INFO - base_page.py:24 - 元素 ('xpath', '//*[@id="root"]/section/main/div/div[1]/div[3]/div/div[2]/div[2]/div[2]/div[4]') 已可见
2026-03-11 10:47:50,428 - UI_AUTO - INFO - base_page.py:35 - 点击元素 ('xpath', '//*[@id="root"]/section/main/div/div[1]/div[3]/div/div[2]/div[2]/div[2]/div[4]')
2026-03-11 10:47:50,456 - UI_AUTO - INFO - base_page.py:24 - 元素 ('xpath', '//*[@id="root"]/section/main/div/div[1]/div[3]/div/div[2]/div[1]/div[3]/label/span/div') 已可见
2026-03-11 10:47:50,504 - UI_AUTO - INFO - base_page.py:35 - 点击元素 ('xpath', '//*[@id="root"]/section/main/div/div[1]/div[3]/div/div[2]/div[1]/div[3]/label/span/div')
2026-03-11 10:47:50,517 - UI_AUTO - INFO - base_page.py:24 - 元素 ('xpath', '//*[@id="account_input"]') 已可见
2026-03-11 10:47:50,602 - UI_AUTO - INFO - base_page.py:42 - 向元素 ('xpath', '//*[@id="account_input"]') 输入文本：chenyang
2026-03-11 10:47:50,617 - UI_AUTO - INFO - base_page.py:24 - 元素 ('xpath', '//*[@id="password_input"]') 已可见
2026-03-11 10:47:50,683 - UI_AUTO - INFO - base_page.py:42 - 向元素 ('xpath', '//*[@id="password_input"]') 输入文本：chenyang
2026-03-11 10:47:50,701 - UI_AUTO - INFO - base_page.py:24 - 元素 ('xpath', '//*[@id="root"]/section/main/div/div[1]/div[3]/div/div[2]/div[1]/div[1]/form/button') 已可见
2026-03-11 10:47:50,750 - UI_AUTO - INFO - base_page.py:35 - 点击元素 ('xpath', '//*[@id="root"]/section/main/div/div[1]/div[3]/div/div[2]/div[1]/div[1]/form/button')
2026-03-11 10:49:41,175 - UI_AUTO - INFO - driver_manager.py:52 - 成功初始化 chrome 驱动
2026-03-11 10:52:40,632 - UI_AUTO - INFO - driver_manager.py:52 - 成功初始化 chrome 驱动
2026-03-11 10:53:03,932 - UI_AUTO - INFO - base_page.py:54 - 打开网址：https://feilian.isoftstone.com:10443/login/login
2026-03-11 10:53:13,180 - UI_AUTO - INFO - base_page.py:24 - 元素 ('xpath', '//*[@id="root"]/section/main/div/div[1]/div[3]/div/div[2]/div[2]/div[2]/div[4]') 已可见
2026-03-11 10:53:13,234 - UI_AUTO - INFO - base_page.py:35 - 点击元素 ('xpath', '//*[@id="root"]/section/main/div/div[1]/div[3]/div/div[2]/div[2]/div[2]/div[4]')
2026-03-11 10:53:13,266 - UI_AUTO - INFO - base_page.py:24 - 元素 ('xpath', '//*[@id="root"]/section/main/div/div[1]/div[3]/div/div[2]/div[1]/div[3]/label/span/div') 已可见
2026-03-11 10:53:13,323 - UI_AUTO - INFO - base_page.py:35 - 点击元素 ('xpath', '//*[@id="root"]/section/main/div/div[1]/div[3]/div/div[2]/div[1]/div[3]/label/span/div')
2026-03-11 10:53:13,343 - UI_AUTO - INFO - base_page.py:24 - 元素 ('xpath', '//*[@id="account_input"]') 已可见
2026-03-11 10:53:13,433 - UI_AUTO - INFO - base_page.py:42 - 向元素 ('xpath', '//*[@id="account_input"]') 输入文本：chenyang
2026-03-11 10:53:13,451 - UI_AUTO - INFO - base_page.py:24 - 元素 ('xpath', '//*[@id="password_input"]') 已可见
2026-03-11 10:53:13,522 - UI_AUTO - INFO - base_page.py:42 - 向元素 ('xpath', '//*[@id="password_input"]') 输入文本：chenyang
2026-03-11 10:53:13,543 - UI_AUTO - INFO - base_page.py:24 - 元素 ('xpath', '//*[@id="root"]/section/main/div/div[1]/div[3]/div/div[2]/div[1]/div[1]/form/button') 已可见
2026-03-11 10:53:13,604 - UI_AUTO - INFO - base_page.py:35 - 点击元素 ('xpath', '//*[@id="root"]/section/main/div/div[1]/div[3]/div/div[2]/div[1]/div[1]/form/button')
2026-03-11 11:02:38,107 - UI_AUTO - INFO - run_tests.py:25 - 开始执行测试用例...
2026-03-11 11:02:39,175 - UI_AUTO - INFO - conftest.py:9 - ===== 开始执行 UI 自动化测试 =====
2026-03-11 11:02:40,868 - UI_AUTO - INFO - driver_manager.py:52 - 成功初始化 chrome 驱动
2026-03-11 11:03:20,559 - UI_AUTO - INFO - base_page.py:54 - 打开网址：https://feilian.isoftstone.com:10443/login/login
2026-03-11 11:03:20,564 - UI_AUTO - ERROR - base_page.py:27 - 等待元素 ('xpath', '//*[@id="root"]/section/main/div/div[1]/div[3]/div/div[2]/div[2]/div[2]/div[4]') 失败：Message: no such window: target window already closed
from unknown error: web view not found
  (Session info: chrome=146.0.7680.72)
Stacktrace:
	chromedriver!GetHandleVerifier [0x7ff68c0b10b5+14cc5]
	chromedriver!GetHandleVerifier [0x7ff68c0b1120+14d30]
	chromedriver!(No symbol) [0x7ff68be1db6d]
	chromedriver!(No symbol) [0x7ff68bdf4352]
	chromedriver!(No symbol) [0x7ff68bea7256]
	chromedriver!(No symbol) [0x7ff68bec3862]
	chromedriver!(No symbol) [0x7ff68be696e8]
	chromedriver!(No symbol) [0x7ff68be6a5d3]
	chromedriver!GetHandleVerifier [0x7ff68c3b5ded+3199fd]
	chromedriver!GetHandleVerifier [0x7ff68c3b04cd+3140dd]
	chromedriver!GetHandleVerifier [0x7ff68c3d29ca+3365da]
	chromedriver!GetHandleVerifier [0x7ff68c0cca55+30665]
	chromedriver!GetHandleVerifier [0x7ff68c0d5bac+397bc]
	chromedriver!GetHandleVerifier [0x7ff68c0ba4d4+1e0e4]
	chromedriver!GetHandleVerifier [0x7ff68c0ba686+1e296]
	chromedriver!GetHandleVerifier [0x7ff68c09ef97+2ba7]
	KERNEL32!BaseThreadInitThunk [0x7ffef8c4e8d7+17]
	ntdll!RtlUserThreadStart [0x7ffefa58c40c+2c]

2026-03-11 11:03:20,566 - UI_AUTO - ERROR - screenshot.py:29 - 截图失败：Message: no such window: target window already closed
from unknown error: web view not found
  (Session info: chrome=146.0.7680.72)
Stacktrace:
	chromedriver!GetHandleVerifier [0x7ff68c0b10b5+14cc5]
	chromedriver!GetHandleVerifier [0x7ff68c0b1120+14d30]
	chromedriver!(No symbol) [0x7ff68be1db6d]
	chromedriver!(No symbol) [0x7ff68bdf4352]
	chromedriver!(No symbol) [0x7ff68bea7256]
	chromedriver!(No symbol) [0x7ff68bec3862]
	chromedriver!(No symbol) [0x7ff68be696e8]
	chromedriver!(No symbol) [0x7ff68be6a5d3]
	chromedriver!GetHandleVerifier [0x7ff68c3b5ded+3199fd]
	chromedriver!GetHandleVerifier [0x7ff68c3b04cd+3140dd]
	chromedriver!GetHandleVerifier [0x7ff68c3d29ca+3365da]
	chromedriver!GetHandleVerifier [0x7ff68c0cca55+30665]
	chromedriver!GetHandleVerifier [0x7ff68c0d5bac+397bc]
	chromedriver!GetHandleVerifier [0x7ff68c0ba4d4+1e0e4]
	chromedriver!GetHandleVerifier [0x7ff68c0ba686+1e296]
	chromedriver!GetHandleVerifier [0x7ff68c09ef97+2ba7]
	KERNEL32!BaseThreadInitThunk [0x7ffef8c4e8d7+17]
	ntdll!RtlUserThreadStart [0x7ffefa58c40c+2c]

2026-03-11 11:03:20,609 - UI_AUTO - ERROR - conftest.py:20 - 用例 test_login[username-password-expect0] 执行失败，自动截图
2026-03-11 11:03:20,612 - UI_AUTO - ERROR - screenshot.py:29 - 截图失败：Message: no such window: target window already closed
from unknown error: web view not found
  (Session info: chrome=146.0.7680.72)
Stacktrace:
	chromedriver!GetHandleVerifier [0x7ff68c0b10b5+14cc5]
	chromedriver!GetHandleVerifier [0x7ff68c0b1120+14d30]
	chromedriver!(No symbol) [0x7ff68be1db6d]
	chromedriver!(No symbol) [0x7ff68bdf4352]
	chromedriver!(No symbol) [0x7ff68bea7256]
	chromedriver!(No symbol) [0x7ff68bec3862]
	chromedriver!(No symbol) [0x7ff68be696e8]
	chromedriver!(No symbol) [0x7ff68be6a5d3]
	chromedriver!GetHandleVerifier [0x7ff68c3b5ded+3199fd]
	chromedriver!GetHandleVerifier [0x7ff68c3b04cd+3140dd]
	chromedriver!GetHandleVerifier [0x7ff68c3d29ca+3365da]
	chromedriver!GetHandleVerifier [0x7ff68c0cca55+30665]
	chromedriver!GetHandleVerifier [0x7ff68c0d5bac+397bc]
	chromedriver!GetHandleVerifier [0x7ff68c0ba4d4+1e0e4]
	chromedriver!GetHandleVerifier [0x7ff68c0ba686+1e296]
	chromedriver!GetHandleVerifier [0x7ff68c09ef97+2ba7]
	KERNEL32!BaseThreadInitThunk [0x7ffef8c4e8d7+17]
	ntdll!RtlUserThreadStart [0x7ffefa58c40c+2c]

2026-03-11 11:03:22,709 - UI_AUTO - INFO - driver_manager.py:64 - 调试模式：驱动未关闭，浏览器将保留
2026-03-11 11:03:22,709 - UI_AUTO - INFO - conftest.py:12 - ===== UI 自动化测试执行完毕 =====
2026-03-11 11:03:22,746 - UI_AUTO - INFO - run_tests.py:27 - 测试报告已生成：C:\Users\Simon Cui\PycharmProjects\ui_auto_framework\reports\test_report.html
2026-03-11 11:03:56,380 - UI_AUTO - INFO - run_tests.py:25 - 开始执行测试用例...
2026-03-11 11:03:57,099 - UI_AUTO - INFO - conftest.py:9 - ===== 开始执行 UI 自动化测试 =====
2026-03-11 11:03:58,670 - UI_AUTO - INFO - driver_manager.py:52 - 成功初始化 chrome 驱动
2026-03-11 11:04:42,365 - UI_AUTO - INFO - driver_manager.py:64 - 调试模式：驱动未关闭，浏览器将保留
2026-03-11 11:04:42,366 - UI_AUTO - INFO - conftest.py:12 - ===== UI 自动化测试执行完毕 =====
2026-03-11 11:05:03,863 - UI_AUTO - INFO - run_tests.py:25 - 开始执行测试用例...
2026-03-11 11:05:04,558 - UI_AUTO - INFO - conftest.py:9 - ===== 开始执行 UI 自动化测试 =====
2026-03-11 11:05:06,244 - UI_AUTO - INFO - driver_manager.py:52 - 成功初始化 chrome 驱动
2026-03-11 11:06:06,785 - UI_AUTO - INFO - driver_manager.py:64 - 调试模式：驱动未关闭，浏览器将保留
2026-03-11 11:06:06,792 - UI_AUTO - INFO - conftest.py:12 - ===== UI 自动化测试执行完毕 =====
2026-03-11 11:06:06,851 - UI_AUTO - INFO - run_tests.py:27 - 测试报告已生成：C:\Users\Simon Cui\PycharmProjects\ui_auto_framework\reports\test_report.html
2026-03-11 11:06:31,230 - UI_AUTO - INFO - run_tests.py:25 - 开始执行测试用例...
2026-03-11 11:06:31,944 - UI_AUTO - INFO - conftest.py:9 - ===== 开始执行 UI 自动化测试 =====
2026-03-11 11:06:33,486 - UI_AUTO - INFO - driver_manager.py:52 - 成功初始化 chrome 驱动
2026-03-11 11:07:31,253 - UI_AUTO - INFO - base_page.py:54 - 打开网址：https://feilian.isoftstone.com:10443/login
2026-03-11 11:07:51,204 - UI_AUTO - INFO - base_page.py:24 - 元素 ('xpath', '//*[@id="root"]/section/main/div/div[1]/div[3]/div/div[2]/div[2]/div[2]/div[4]') 已可见
2026-03-11 11:07:51,261 - UI_AUTO - INFO - base_page.py:35 - 点击元素 ('xpath', '//*[@id="root"]/section/main/div/div[1]/div[3]/div/div[2]/div[2]/div[2]/div[4]')
2026-03-11 11:07:51,277 - UI_AUTO - INFO - base_page.py:24 - 元素 ('xpath', '//*[@id="root"]/section/main/div/div[1]/div[3]/div/div[2]/div[1]/div[3]/label/span/div') 已可见
2026-03-11 11:07:51,329 - UI_AUTO - INFO - base_page.py:35 - 点击元素 ('xpath', '//*[@id="root"]/section/main/div/div[1]/div[3]/div/div[2]/div[1]/div[3]/label/span/div')
2026-03-11 11:07:51,343 - UI_AUTO - INFO - base_page.py:24 - 元素 ('xpath', '//*[@id="account_input"]') 已可见
2026-03-11 11:07:51,446 - UI_AUTO - INFO - base_page.py:42 - 向元素 ('xpath', '//*[@id="account_input"]') 输入文本：username
2026-03-11 11:07:51,468 - UI_AUTO - INFO - base_page.py:24 - 元素 ('xpath', '//*[@id="password_input"]') 已可见
2026-03-11 11:07:51,534 - UI_AUTO - INFO - base_page.py:42 - 向元素 ('xpath', '//*[@id="password_input"]') 输入文本：password
2026-03-11 11:07:51,551 - UI_AUTO - INFO - base_page.py:24 - 元素 ('xpath', '//*[@id="root"]/section/main/div/div[1]/div[3]/div/div[2]/div[1]/div[1]/form/button') 已可见
2026-03-11 11:07:51,611 - UI_AUTO - INFO - base_page.py:35 - 点击元素 ('xpath', '//*[@id="root"]/section/main/div/div[1]/div[3]/div/div[2]/div[1]/div[1]/form/button')
2026-03-11 11:07:51,959 - UI_AUTO - ERROR - conftest.py:20 - 用例 test_login[username-password-expect0] 执行失败，自动截图
2026-03-11 11:07:52,210 - UI_AUTO - INFO - screenshot.py:26 - 截图成功，保存路径：C:\Users\Simon Cui\PycharmProjects\ui_auto_framework\reports\screenshots\test_login[username-password-expect0]_20260311_110751.png
2026-03-11 11:07:52,372 - UI_AUTO - INFO - base_page.py:54 - 打开网址：https://feilian.isoftstone.com:10443/login
2026-03-11 11:07:57,327 - UI_AUTO - INFO - base_page.py:24 - 元素 ('xpath', '//*[@id="root"]/section/main/div/div[1]/div[3]/div/div[2]/div[2]/div[2]/div[4]') 已可见
2026-03-11 11:07:57,374 - UI_AUTO - INFO - base_page.py:35 - 点击元素 ('xpath', '//*[@id="root"]/section/main/div/div[1]/div[3]/div/div[2]/div[2]/div[2]/div[4]')
2026-03-11 11:07:57,404 - UI_AUTO - INFO - base_page.py:24 - 元素 ('xpath', '//*[@id="root"]/section/main/div/div[1]/div[3]/div/div[2]/div[1]/div[3]/label/span/div') 已可见
2026-03-11 11:07:57,471 - UI_AUTO - INFO - base_page.py:35 - 点击元素 ('xpath', '//*[@id="root"]/section/main/div/div[1]/div[3]/div/div[2]/div[1]/div[3]/label/span/div')
2026-03-11 11:07:57,497 - UI_AUTO - INFO - base_page.py:24 - 元素 ('xpath', '//*[@id="account_input"]') 已可见
2026-03-11 11:07:57,597 - UI_AUTO - INFO - base_page.py:42 - 向元素 ('xpath', '//*[@id="account_input"]') 输入文本：username
2026-03-11 11:07:57,616 - UI_AUTO - INFO - base_page.py:24 - 元素 ('xpath', '//*[@id="password_input"]') 已可见
2026-03-11 11:07:57,694 - UI_AUTO - INFO - base_page.py:42 - 向元素 ('xpath', '//*[@id="password_input"]') 输入文本：password
2026-03-11 11:07:57,708 - UI_AUTO - INFO - base_page.py:24 - 元素 ('xpath', '//*[@id="root"]/section/main/div/div[1]/div[3]/div/div[2]/div[1]/div[1]/form/button') 已可见
2026-03-11 11:07:57,763 - UI_AUTO - INFO - base_page.py:35 - 点击元素 ('xpath', '//*[@id="root"]/section/main/div/div[1]/div[3]/div/div[2]/div[1]/div[1]/form/button')
2026-03-11 11:07:57,771 - UI_AUTO - ERROR - conftest.py:20 - 用例 test_login[username-password-expect1] 执行失败，自动截图
2026-03-11 11:07:58,091 - UI_AUTO - INFO - screenshot.py:26 - 截图成功，保存路径：C:\Users\Simon Cui\PycharmProjects\ui_auto_framework\reports\screenshots\test_login[username-password-expect1]_20260311_110757.png
2026-03-11 11:07:58,091 - UI_AUTO - INFO - driver_manager.py:64 - 调试模式：驱动未关闭，浏览器将保留
2026-03-11 11:07:58,091 - UI_AUTO - INFO - conftest.py:12 - ===== UI 自动化测试执行完毕 =====
2026-03-11 11:07:58,103 - UI_AUTO - INFO - run_tests.py:27 - 测试报告已生成：C:\Users\Simon Cui\PycharmProjects\ui_auto_framework\reports\test_report.html
2026-03-11 11:09:38,768 - UI_AUTO - INFO - run_tests.py:25 - 开始执行测试用例...
2026-03-11 11:09:39,551 - UI_AUTO - INFO - conftest.py:9 - ===== 开始执行 UI 自动化测试 =====
2026-03-11 11:09:41,211 - UI_AUTO - INFO - driver_manager.py:52 - 成功初始化 chrome 驱动
2026-03-11 11:10:30,324 - UI_AUTO - INFO - base_page.py:54 - 打开网址：https://feilian.isoftstone.com:10443/login
2026-03-11 11:10:49,326 - UI_AUTO - INFO - base_page.py:24 - 元素 ('xpath', '//*[@id="root"]/section/main/div/div[1]/div[3]/div/div[2]/div[2]/div[2]/div[4]') 已可见
2026-03-11 11:10:49,376 - UI_AUTO - INFO - base_page.py:35 - 点击元素 ('xpath', '//*[@id="root"]/section/main/div/div[1]/div[3]/div/div[2]/div[2]/div[2]/div[4]')
2026-03-11 11:10:49,390 - UI_AUTO - INFO - base_page.py:24 - 元素 ('xpath', '//*[@id="root"]/section/main/div/div[1]/div[3]/div/div[2]/div[1]/div[3]/label/span/div') 已可见
2026-03-11 11:10:49,430 - UI_AUTO - INFO - base_page.py:35 - 点击元素 ('xpath', '//*[@id="root"]/section/main/div/div[1]/div[3]/div/div[2]/div[1]/div[3]/label/span/div')
2026-03-11 11:10:49,444 - UI_AUTO - INFO - base_page.py:24 - 元素 ('xpath', '//*[@id="account_input"]') 已可见
2026-03-11 11:10:49,530 - UI_AUTO - INFO - base_page.py:42 - 向元素 ('xpath', '//*[@id="account_input"]') 输入文本：username
2026-03-11 11:10:49,552 - UI_AUTO - INFO - base_page.py:24 - 元素 ('xpath', '//*[@id="password_input"]') 已可见
2026-03-11 11:10:49,626 - UI_AUTO - INFO - base_page.py:42 - 向元素 ('xpath', '//*[@id="password_input"]') 输入文本：password
2026-03-11 11:10:49,634 - UI_AUTO - INFO - base_page.py:24 - 元素 ('xpath', '//*[@id="root"]/section/main/div/div[1]/div[3]/div/div[2]/div[1]/div[1]/form/button') 已可见
2026-03-11 11:10:49,693 - UI_AUTO - INFO - base_page.py:35 - 点击元素 ('xpath', '//*[@id="root"]/section/main/div/div[1]/div[3]/div/div[2]/div[1]/div[1]/form/button')
2026-03-11 11:10:50,053 - UI_AUTO - ERROR - conftest.py:20 - 用例 test_login[username-password-expect0] 执行失败，自动截图
2026-03-11 11:10:50,295 - UI_AUTO - INFO - screenshot.py:26 - 截图成功，保存路径：C:\Users\Simon Cui\PycharmProjects\ui_auto_framework\reports\screenshots\test_login[username-password-expect0]_20260311_111050.png
2026-03-11 11:10:50,465 - UI_AUTO - INFO - base_page.py:54 - 打开网址：https://feilian.isoftstone.com:10443/login
2026-03-11 11:10:54,638 - UI_AUTO - INFO - base_page.py:24 - 元素 ('xpath', '//*[@id="root"]/section/main/div/div[1]/div[3]/div/div[2]/div[2]/div[2]/div[4]') 已可见
2026-03-11 11:10:54,678 - UI_AUTO - INFO - base_page.py:35 - 点击元素 ('xpath', '//*[@id="root"]/section/main/div/div[1]/div[3]/div/div[2]/div[2]/div[2]/div[4]')
2026-03-11 11:10:54,692 - UI_AUTO - INFO - base_page.py:24 - 元素 ('xpath', '//*[@id="root"]/section/main/div/div[1]/div[3]/div/div[2]/div[1]/div[3]/label/span/div') 已可见
2026-03-11 11:10:54,727 - UI_AUTO - INFO - base_page.py:35 - 点击元素 ('xpath', '//*[@id="root"]/section/main/div/div[1]/div[3]/div/div[2]/div[1]/div[3]/label/span/div')
2026-03-11 11:10:54,741 - UI_AUTO - INFO - base_page.py:24 - 元素 ('xpath', '//*[@id="account_input"]') 已可见
2026-03-11 11:10:54,801 - UI_AUTO - INFO - base_page.py:42 - 向元素 ('xpath', '//*[@id="account_input"]') 输入文本：username
2026-03-11 11:10:54,817 - UI_AUTO - INFO - base_page.py:24 - 元素 ('xpath', '//*[@id="password_input"]') 已可见
2026-03-11 11:10:54,870 - UI_AUTO - INFO - base_page.py:42 - 向元素 ('xpath', '//*[@id="password_input"]') 输入文本：password
2026-03-11 11:10:54,885 - UI_AUTO - INFO - base_page.py:24 - 元素 ('xpath', '//*[@id="root"]/section/main/div/div[1]/div[3]/div/div[2]/div[1]/div[1]/form/button') 已可见
2026-03-11 11:10:54,931 - UI_AUTO - INFO - base_page.py:35 - 点击元素 ('xpath', '//*[@id="root"]/section/main/div/div[1]/div[3]/div/div[2]/div[1]/div[1]/form/button')
2026-03-11 11:10:54,944 - UI_AUTO - ERROR - conftest.py:20 - 用例 test_login[username-password-expect1] 执行失败，自动截图
2026-03-11 11:10:55,198 - UI_AUTO - INFO - screenshot.py:26 - 截图成功，保存路径：C:\Users\Simon Cui\PycharmProjects\ui_auto_framework\reports\screenshots\test_login[username-password-expect1]_20260311_111054.png
2026-03-11 11:10:55,198 - UI_AUTO - INFO - driver_manager.py:64 - 调试模式：驱动未关闭，浏览器将保留
2026-03-11 11:10:55,198 - UI_AUTO - INFO - conftest.py:12 - ===== UI 自动化测试执行完毕 =====
2026-03-11 11:10:55,210 - UI_AUTO - INFO - run_tests.py:27 - 测试报告已生成：C:\Users\Simon Cui\PycharmProjects\ui_auto_framework\reports\test_report.html
2026-03-11 11:14:14,296 - UI_AUTO - INFO - run_tests.py:25 - 开始执行测试用例...
2026-03-11 11:14:15,187 - UI_AUTO - INFO - run_tests.py:27 - 测试报告已生成：C:\Users\Simon Cui\PycharmProjects\ui_auto_framework\reports\test_report.html
2026-03-11 11:14:40,536 - UI_AUTO - INFO - run_tests.py:25 - 开始执行测试用例...
2026-03-11 11:14:41,437 - UI_AUTO - INFO - run_tests.py:27 - 测试报告已生成：C:\Users\Simon Cui\PycharmProjects\ui_auto_framework\reports\test_report.html
2026-03-11 11:15:10,200 - UI_AUTO - INFO - run_tests.py:25 - 开始执行测试用例...
2026-03-11 11:15:10,893 - UI_AUTO - INFO - conftest.py:9 - ===== 开始执行 UI 自动化测试 =====
2026-03-11 11:15:12,407 - UI_AUTO - INFO - driver_manager.py:52 - 成功初始化 chrome 驱动
2026-03-11 11:15:42,763 - UI_AUTO - INFO - base_page.py:54 - 打开网址：https://feilian.isoftstone.com:10443/login
2026-03-11 11:15:51,829 - UI_AUTO - INFO - base_page.py:24 - 元素 ('xpath', '//*[@id="root"]/section/main/div/div[1]/div[3]/div/div[2]/div[2]/div[2]/div[4]') 已可见
2026-03-11 11:15:51,872 - UI_AUTO - INFO - base_page.py:35 - 点击元素 ('xpath', '//*[@id="root"]/section/main/div/div[1]/div[3]/div/div[2]/div[2]/div[2]/div[4]')
2026-03-11 11:15:51,887 - UI_AUTO - INFO - base_page.py:24 - 元素 ('xpath', '//*[@id="root"]/section/main/div/div[1]/div[3]/div/div[2]/div[1]/div[3]/label/span/div') 已可见
2026-03-11 11:15:51,920 - UI_AUTO - INFO - base_page.py:35 - 点击元素 ('xpath', '//*[@id="root"]/section/main/div/div[1]/div[3]/div/div[2]/div[1]/div[3]/label/span/div')
2026-03-11 11:15:51,935 - UI_AUTO - INFO - base_page.py:24 - 元素 ('xpath', '//*[@id="account_input"]') 已可见
2026-03-11 11:15:52,012 - UI_AUTO - INFO - base_page.py:42 - 向元素 ('xpath', '//*[@id="account_input"]') 输入文本：username
2026-03-11 11:15:52,027 - UI_AUTO - INFO - base_page.py:24 - 元素 ('xpath', '//*[@id="password_input"]') 已可见
2026-03-11 11:15:52,093 - UI_AUTO - INFO - base_page.py:42 - 向元素 ('xpath', '//*[@id="password_input"]') 输入文本：password
2026-03-11 11:15:52,102 - UI_AUTO - INFO - base_page.py:24 - 元素 ('xpath', '//*[@id="root"]/section/main/div/div[1]/div[3]/div/div[2]/div[1]/div[1]/form/button') 已可见
2026-03-11 11:15:52,157 - UI_AUTO - INFO - base_page.py:35 - 点击元素 ('xpath', '//*[@id="root"]/section/main/div/div[1]/div[3]/div/div[2]/div[1]/div[1]/form/button')
2026-03-11 11:15:52,561 - UI_AUTO - ERROR - conftest.py:20 - 用例 test_login[username-password-expect0] 执行失败，自动截图
2026-03-11 11:15:52,840 - UI_AUTO - INFO - screenshot.py:26 - 截图成功，保存路径：C:\Users\Simon Cui\PycharmProjects\ui_auto_framework\reports\screenshots\test_login[username-password-expect0]_20260311_111552.png
2026-03-11 11:15:52,998 - UI_AUTO - INFO - base_page.py:54 - 打开网址：https://feilian.isoftstone.com:10443/login
2026-03-11 11:15:57,545 - UI_AUTO - INFO - base_page.py:24 - 元素 ('xpath', '//*[@id="root"]/section/main/div/div[1]/div[3]/div/div[2]/div[2]/div[2]/div[4]') 已可见
2026-03-11 11:15:57,585 - UI_AUTO - INFO - base_page.py:35 - 点击元素 ('xpath', '//*[@id="root"]/section/main/div/div[1]/div[3]/div/div[2]/div[2]/div[2]/div[4]')
2026-03-11 11:15:57,601 - UI_AUTO - INFO - base_page.py:24 - 元素 ('xpath', '//*[@id="root"]/section/main/div/div[1]/div[3]/div/div[2]/div[1]/div[3]/label/span/div') 已可见
2026-03-11 11:15:57,636 - UI_AUTO - INFO - base_page.py:35 - 点击元素 ('xpath', '//*[@id="root"]/section/main/div/div[1]/div[3]/div/div[2]/div[1]/div[3]/label/span/div')
2026-03-11 11:15:57,652 - UI_AUTO - INFO - base_page.py:24 - 元素 ('xpath', '//*[@id="account_input"]') 已可见
2026-03-11 11:15:57,710 - UI_AUTO - INFO - base_page.py:42 - 向元素 ('xpath', '//*[@id="account_input"]') 输入文本：username
2026-03-11 11:15:57,729 - UI_AUTO - INFO - base_page.py:24 - 元素 ('xpath', '//*[@id="password_input"]') 已可见
2026-03-11 11:15:57,777 - UI_AUTO - INFO - base_page.py:42 - 向元素 ('xpath', '//*[@id="password_input"]') 输入文本：password
2026-03-11 11:15:57,793 - UI_AUTO - INFO - base_page.py:24 - 元素 ('xpath', '//*[@id="root"]/section/main/div/div[1]/div[3]/div/div[2]/div[1]/div[1]/form/button') 已可见
2026-03-11 11:15:57,827 - UI_AUTO - INFO - base_page.py:35 - 点击元素 ('xpath', '//*[@id="root"]/section/main/div/div[1]/div[3]/div/div[2]/div[1]/div[1]/form/button')
2026-03-11 11:15:57,848 - UI_AUTO - ERROR - conftest.py:20 - 用例 test_login[username-password-expect1] 执行失败，自动截图
2026-03-11 11:15:58,110 - UI_AUTO - INFO - screenshot.py:26 - 截图成功，保存路径：C:\Users\Simon Cui\PycharmProjects\ui_auto_framework\reports\screenshots\test_login[username-password-expect1]_20260311_111557.png
2026-03-11 11:15:58,110 - UI_AUTO - INFO - driver_manager.py:64 - 调试模式：驱动未关闭，浏览器将保留
2026-03-11 11:15:58,110 - UI_AUTO - INFO - conftest.py:12 - ===== UI 自动化测试执行完毕 =====
2026-03-11 11:15:58,127 - UI_AUTO - INFO - run_tests.py:27 - 测试报告已生成：C:\Users\Simon Cui\PycharmProjects\ui_auto_framework\reports\test_report.html
2026-03-11 11:17:31,268 - UI_AUTO - INFO - run_tests.py:25 - 开始执行测试用例...
2026-03-11 11:17:31,945 - UI_AUTO - INFO - conftest.py:9 - ===== 开始执行 UI 自动化测试 =====
2026-03-11 11:17:33,479 - UI_AUTO - INFO - driver_manager.py:52 - 成功初始化 chrome 驱动
2026-03-11 11:17:35,788 - UI_AUTO - INFO - base_page.py:54 - 打开网址：https://feilian.isoftstone.com:10443/login
2026-03-11 11:17:37,360 - UI_AUTO - INFO - base_page.py:24 - 元素 ('xpath', '//*[@id="root"]/section/main/div/div[1]/div[3]/div/div[2]/div[2]/div[2]/div[4]') 已可见
2026-03-11 11:17:37,414 - UI_AUTO - INFO - base_page.py:35 - 点击元素 ('xpath', '//*[@id="root"]/section/main/div/div[1]/div[3]/div/div[2]/div[2]/div[2]/div[4]')
2026-03-11 11:17:37,431 - UI_AUTO - INFO - base_page.py:24 - 元素 ('xpath', '//*[@id="root"]/section/main/div/div[1]/div[3]/div/div[2]/div[1]/div[3]/label/span/div') 已可见
2026-03-11 11:17:37,468 - UI_AUTO - INFO - base_page.py:35 - 点击元素 ('xpath', '//*[@id="root"]/section/main/div/div[1]/div[3]/div/div[2]/div[1]/div[3]/label/span/div')
2026-03-11 11:17:37,486 - UI_AUTO - INFO - base_page.py:24 - 元素 ('xpath', '//*[@id="account_input"]') 已可见
2026-03-11 11:17:37,577 - UI_AUTO - INFO - base_page.py:42 - 向元素 ('xpath', '//*[@id="account_input"]') 输入文本：username
2026-03-11 11:17:37,594 - UI_AUTO - INFO - base_page.py:24 - 元素 ('xpath', '//*[@id="password_input"]') 已可见
2026-03-11 11:17:37,673 - UI_AUTO - INFO - base_page.py:42 - 向元素 ('xpath', '//*[@id="password_input"]') 输入文本：password
2026-03-11 11:17:37,696 - UI_AUTO - INFO - base_page.py:24 - 元素 ('xpath', '//*[@id="root"]/section/main/div/div[1]/div[3]/div/div[2]/div[1]/div[1]/form/button') 已可见
2026-03-11 11:17:37,751 - UI_AUTO - INFO - base_page.py:35 - 点击元素 ('xpath', '//*[@id="root"]/section/main/div/div[1]/div[3]/div/div[2]/div[1]/div[1]/form/button')
2026-03-11 11:17:37,912 - UI_AUTO - INFO - base_page.py:54 - 打开网址：https://feilian.isoftstone.com:10443/login
2026-03-11 11:17:38,793 - UI_AUTO - INFO - base_page.py:24 - 元素 ('xpath', '//*[@id="root"]/section/main/div/div[1]/div[3]/div/div[2]/div[2]/div[2]/div[4]') 已可见
2026-03-11 11:17:38,837 - UI_AUTO - INFO - base_page.py:35 - 点击元素 ('xpath', '//*[@id="root"]/section/main/div/div[1]/div[3]/div/div[2]/div[2]/div[2]/div[4]')
2026-03-11 11:17:38,852 - UI_AUTO - INFO - base_page.py:24 - 元素 ('xpath', '//*[@id="root"]/section/main/div/div[1]/div[3]/div/div[2]/div[1]/div[3]/label/span/div') 已可见
2026-03-11 11:17:38,888 - UI_AUTO - INFO - base_page.py:35 - 点击元素 ('xpath', '//*[@id="root"]/section/main/div/div[1]/div[3]/div/div[2]/div[1]/div[3]/label/span/div')
2026-03-11 11:17:38,896 - UI_AUTO - INFO - base_page.py:24 - 元素 ('xpath', '//*[@id="account_input"]') 已可见
2026-03-11 11:17:38,960 - UI_AUTO - INFO - base_page.py:42 - 向元素 ('xpath', '//*[@id="account_input"]') 输入文本：username
2026-03-11 11:17:38,976 - UI_AUTO - INFO - base_page.py:24 - 元素 ('xpath', '//*[@id="password_input"]') 已可见
2026-03-11 11:17:39,043 - UI_AUTO - INFO - base_page.py:42 - 向元素 ('xpath', '//*[@id="password_input"]') 输入文本：password
2026-03-11 11:17:39,059 - UI_AUTO - INFO - base_page.py:24 - 元素 ('xpath', '//*[@id="root"]/section/main/div/div[1]/div[3]/div/div[2]/div[1]/div[1]/form/button') 已可见
2026-03-11 11:17:39,110 - UI_AUTO - INFO - base_page.py:35 - 点击元素 ('xpath', '//*[@id="root"]/section/main/div/div[1]/div[3]/div/div[2]/div[1]/div[1]/form/button')
2026-03-11 11:17:39,110 - UI_AUTO - INFO - driver_manager.py:64 - 调试模式：驱动未关闭，浏览器将保留
2026-03-11 11:17:39,110 - UI_AUTO - INFO - conftest.py:12 - ===== UI 自动化测试执行完毕 =====
2026-03-11 11:17:39,118 - UI_AUTO - INFO - run_tests.py:27 - 测试报告已生成：C:\Users\Simon Cui\PycharmProjects\ui_auto_framework\reports\test_report.html
2026-03-11 11:20:24,432 - UI_AUTO - INFO - run_tests.py:25 - 开始执行测试用例...
2026-03-11 11:20:25,143 - UI_AUTO - INFO - conftest.py:9 - ===== 开始执行 UI 自动化测试 =====
2026-03-11 11:20:26,717 - UI_AUTO - INFO - driver_manager.py:52 - 成功初始化 chrome 驱动
2026-03-11 11:20:28,584 - UI_AUTO - INFO - base_page.py:54 - 打开网址：https://feilian.isoftstone.com:10443/login
2026-03-11 11:20:29,705 - UI_AUTO - INFO - base_page.py:24 - 元素 ('xpath', '//*[@id="root"]/section/main/div/div[1]/div[3]/div/div[2]/div[2]/div[2]/div[4]') 已可见
2026-03-11 11:20:29,760 - UI_AUTO - INFO - base_page.py:35 - 点击元素 ('xpath', '//*[@id="root"]/section/main/div/div[1]/div[3]/div/div[2]/div[2]/div[2]/div[4]')
2026-03-11 11:20:29,768 - UI_AUTO - INFO - base_page.py:24 - 元素 ('xpath', '//*[@id="root"]/section/main/div/div[1]/div[3]/div/div[2]/div[1]/div[3]/label/span/div') 已可见
2026-03-11 11:20:29,818 - UI_AUTO - INFO - base_page.py:35 - 点击元素 ('xpath', '//*[@id="root"]/section/main/div/div[1]/div[3]/div/div[2]/div[1]/div[3]/label/span/div')
2026-03-11 11:20:29,835 - UI_AUTO - INFO - base_page.py:24 - 元素 ('xpath', '//*[@id="account_input"]') 已可见
2026-03-11 11:20:29,919 - UI_AUTO - INFO - base_page.py:42 - 向元素 ('xpath', '//*[@id="account_input"]') 输入文本：username
2026-03-11 11:20:29,935 - UI_AUTO - INFO - base_page.py:24 - 元素 ('xpath', '//*[@id="password_input"]') 已可见
2026-03-11 11:20:30,002 - UI_AUTO - INFO - base_page.py:42 - 向元素 ('xpath', '//*[@id="password_input"]') 输入文本：password
2026-03-11 11:20:30,035 - UI_AUTO - INFO - base_page.py:24 - 元素 ('xpath', '//*[@id="root"]/section/main/div/div[1]/div[3]/div/div[2]/div[1]/div[1]/form/button') 已可见
2026-03-11 11:20:30,102 - UI_AUTO - INFO - base_page.py:35 - 点击元素 ('xpath', '//*[@id="root"]/section/main/div/div[1]/div[3]/div/div[2]/div[1]/div[1]/form/button')
2026-03-11 11:20:40,284 - UI_AUTO - INFO - base_page.py:54 - 打开网址：https://feilian.isoftstone.com:10443/login
2026-03-11 11:20:43,917 - UI_AUTO - INFO - base_page.py:24 - 元素 ('xpath', '//*[@id="root"]/section/main/div/div[1]/div[3]/div/div[2]/div[2]/div[2]/div[4]') 已可见
2026-03-11 11:20:43,976 - UI_AUTO - INFO - base_page.py:35 - 点击元素 ('xpath', '//*[@id="root"]/section/main/div/div[1]/div[3]/div/div[2]/div[2]/div[2]/div[4]')
2026-03-11 11:20:43,991 - UI_AUTO - INFO - base_page.py:24 - 元素 ('xpath', '//*[@id="root"]/section/main/div/div[1]/div[3]/div/div[2]/div[1]/div[3]/label/span/div') 已可见
2026-03-11 11:20:44,052 - UI_AUTO - INFO - base_page.py:35 - 点击元素 ('xpath', '//*[@id="root"]/section/main/div/div[1]/div[3]/div/div[2]/div[1]/div[3]/label/span/div')
2026-03-11 11:20:44,069 - UI_AUTO - INFO - base_page.py:24 - 元素 ('xpath', '//*[@id="account_input"]') 已可见
2026-03-11 11:20:44,161 - UI_AUTO - INFO - base_page.py:42 - 向元素 ('xpath', '//*[@id="account_input"]') 输入文本：username
2026-03-11 11:20:44,180 - UI_AUTO - INFO - base_page.py:24 - 元素 ('xpath', '//*[@id="password_input"]') 已可见
2026-03-11 11:20:44,253 - UI_AUTO - INFO - base_page.py:42 - 向元素 ('xpath', '//*[@id="password_input"]') 输入文本：password
2026-03-11 11:20:44,268 - UI_AUTO - INFO - base_page.py:24 - 元素 ('xpath', '//*[@id="root"]/section/main/div/div[1]/div[3]/div/div[2]/div[1]/div[1]/form/button') 已可见
2026-03-11 11:20:44,317 - UI_AUTO - INFO - base_page.py:35 - 点击元素 ('xpath', '//*[@id="root"]/section/main/div/div[1]/div[3]/div/div[2]/div[1]/div[1]/form/button')
2026-03-11 11:20:51,612 - UI_AUTO - INFO - driver_manager.py:64 - 调试模式：驱动未关闭，浏览器将保留
2026-03-11 11:20:51,612 - UI_AUTO - INFO - conftest.py:12 - ===== UI 自动化测试执行完毕 =====
2026-03-11 11:24:09,994 - UI_AUTO - INFO - conftest.py:9 - ===== 开始执行 UI 自动化测试 =====
2026-03-11 11:24:11,542 - UI_AUTO - INFO - driver_manager.py:52 - 成功初始化 chrome 驱动
2026-03-11 11:24:14,718 - UI_AUTO - INFO - base_page.py:54 - 打开网址：https://feilian.isoftstone.com:10443/login
2026-03-11 11:24:16,210 - UI_AUTO - INFO - base_page.py:24 - 元素 ('xpath', '//*[@id="root"]/section/main/div/div[1]/div[3]/div/div[2]/div[2]/div[2]/div[4]') 已可见
2026-03-11 11:24:16,276 - UI_AUTO - INFO - base_page.py:35 - 点击元素 ('xpath', '//*[@id="root"]/section/main/div/div[1]/div[3]/div/div[2]/div[2]/div[2]/div[4]')
2026-03-11 11:24:16,285 - UI_AUTO - INFO - base_page.py:24 - 元素 ('xpath', '//*[@id="root"]/section/main/div/div[1]/div[3]/div/div[2]/div[1]/div[3]/label/span/div') 已可见
2026-03-11 11:24:16,333 - UI_AUTO - INFO - base_page.py:35 - 点击元素 ('xpath', '//*[@id="root"]/section/main/div/div[1]/div[3]/div/div[2]/div[1]/div[3]/label/span/div')
2026-03-11 11:24:16,353 - UI_AUTO - INFO - base_page.py:24 - 元素 ('xpath', '//*[@id="account_input"]') 已可见
2026-03-11 11:24:16,422 - UI_AUTO - INFO - base_page.py:42 - 向元素 ('xpath', '//*[@id="account_input"]') 输入文本：username
2026-03-11 11:24:16,460 - UI_AUTO - INFO - base_page.py:24 - 元素 ('xpath', '//*[@id="password_input"]') 已可见
2026-03-11 11:24:16,560 - UI_AUTO - INFO - base_page.py:42 - 向元素 ('xpath', '//*[@id="password_input"]') 输入文本：password
2026-03-11 11:24:16,579 - UI_AUTO - INFO - base_page.py:24 - 元素 ('xpath', '//*[@id="root"]/section/main/div/div[1]/div[3]/div/div[2]/div[1]/div[1]/form/button') 已可见
2026-03-11 11:24:16,628 - UI_AUTO - INFO - base_page.py:35 - 点击元素 ('xpath', '//*[@id="root"]/section/main/div/div[1]/div[3]/div/div[2]/div[1]/div[1]/form/button')
2026-03-11 11:24:26,831 - UI_AUTO - INFO - base_page.py:54 - 打开网址：https://feilian.isoftstone.com:10443/login
2026-03-11 11:24:28,304 - UI_AUTO - INFO - base_page.py:24 - 元素 ('xpath', '//*[@id="root"]/section/main/div/div[1]/div[3]/div/div[2]/div[2]/div[2]/div[4]') 已可见
2026-03-11 11:24:28,357 - UI_AUTO - INFO - base_page.py:35 - 点击元素 ('xpath', '//*[@id="root"]/section/main/div/div[1]/div[3]/div/div[2]/div[2]/div[2]/div[4]')
2026-03-11 11:24:28,373 - UI_AUTO - INFO - base_page.py:24 - 元素 ('xpath', '//*[@id="root"]/section/main/div/div[1]/div[3]/div/div[2]/div[1]/div[3]/label/span/div') 已可见
2026-03-11 11:24:28,418 - UI_AUTO - INFO - base_page.py:35 - 点击元素 ('xpath', '//*[@id="root"]/section/main/div/div[1]/div[3]/div/div[2]/div[1]/div[3]/label/span/div')
2026-03-11 11:24:28,434 - UI_AUTO - INFO - base_page.py:24 - 元素 ('xpath', '//*[@id="account_input"]') 已可见
2026-03-11 11:24:28,520 - UI_AUTO - INFO - base_page.py:42 - 向元素 ('xpath', '//*[@id="account_input"]') 输入文本：username
2026-03-11 11:24:28,536 - UI_AUTO - INFO - base_page.py:24 - 元素 ('xpath', '//*[@id="password_input"]') 已可见
2026-03-11 11:24:28,611 - UI_AUTO - INFO - base_page.py:42 - 向元素 ('xpath', '//*[@id="password_input"]') 输入文本：password
2026-03-11 11:24:28,629 - UI_AUTO - INFO - base_page.py:24 - 元素 ('xpath', '//*[@id="root"]/section/main/div/div[1]/div[3]/div/div[2]/div[1]/div[1]/form/button') 已可见
2026-03-11 11:24:28,689 - UI_AUTO - INFO - base_page.py:35 - 点击元素 ('xpath', '//*[@id="root"]/section/main/div/div[1]/div[3]/div/div[2]/div[1]/div[1]/form/button')
2026-03-11 11:24:38,693 - UI_AUTO - INFO - driver_manager.py:64 - 调试模式：驱动未关闭，浏览器将保留
2026-03-11 11:24:38,693 - UI_AUTO - INFO - conftest.py:12 - ===== UI 自动化测试执行完毕 =====
2026-03-11 16:47:25,928 - UI_AUTO - INFO - run_tests.py:25 - 开始执行测试用例...
2026-03-11 16:47:27,521 - UI_AUTO - INFO - conftest.py:9 - ===== 开始执行 UI 自动化测试 =====
2026-03-11 16:47:29,317 - UI_AUTO - INFO - driver_manager.py:52 - 成功初始化 chrome 驱动
2026-03-11 16:47:30,319 - UI_AUTO - INFO - base_page.py:54 - 打开网址：https://feilian.isoftstone.com:10443/login
2026-03-11 16:47:31,352 - UI_AUTO - INFO - base_page.py:24 - 元素 ('xpath', '//*[@id="root"]/section/main/div/div[1]/div[3]/div/div[2]/div[2]/div[2]/div[4]') 已可见
2026-03-11 16:47:31,413 - UI_AUTO - INFO - base_page.py:35 - 点击元素 ('xpath', '//*[@id="root"]/section/main/div/div[1]/div[3]/div/div[2]/div[2]/div[2]/div[4]')
2026-03-11 16:47:31,426 - UI_AUTO - INFO - base_page.py:24 - 元素 ('xpath', '//*[@id="root"]/section/main/div/div[1]/div[3]/div/div[2]/div[1]/div[3]/label/span/div') 已可见
2026-03-11 16:47:31,477 - UI_AUTO - INFO - base_page.py:35 - 点击元素 ('xpath', '//*[@id="root"]/section/main/div/div[1]/div[3]/div/div[2]/div[1]/div[3]/label/span/div')
2026-03-11 16:47:31,492 - UI_AUTO - INFO - base_page.py:24 - 元素 ('xpath', '//*[@id="account_input"]') 已可见
2026-03-11 16:47:31,576 - UI_AUTO - INFO - base_page.py:42 - 向元素 ('xpath', '//*[@id="account_input"]') 输入文本：username
2026-03-11 16:47:31,594 - UI_AUTO - INFO - base_page.py:24 - 元素 ('xpath', '//*[@id="password_input"]') 已可见
2026-03-11 16:47:31,667 - UI_AUTO - INFO - base_page.py:42 - 向元素 ('xpath', '//*[@id="password_input"]') 输入文本：password
2026-03-11 16:47:31,684 - UI_AUTO - INFO - base_page.py:24 - 元素 ('xpath', '//*[@id="root"]/section/main/div/div[1]/div[3]/div/div[2]/div[1]/div[1]/form/button') 已可见
2026-03-11 16:47:31,733 - UI_AUTO - INFO - base_page.py:35 - 点击元素 ('xpath', '//*[@id="root"]/section/main/div/div[1]/div[3]/div/div[2]/div[1]/div[1]/form/button')
2026-03-11 16:47:41,999 - UI_AUTO - INFO - base_page.py:54 - 打开网址：https://feilian.isoftstone.com:10443/login
2026-03-11 16:47:42,843 - UI_AUTO - INFO - base_page.py:24 - 元素 ('xpath', '//*[@id="root"]/section/main/div/div[1]/div[3]/div/div[2]/div[2]/div[2]/div[4]') 已可见
2026-03-11 16:47:42,914 - UI_AUTO - INFO - base_page.py:35 - 点击元素 ('xpath', '//*[@id="root"]/section/main/div/div[1]/div[3]/div/div[2]/div[2]/div[2]/div[4]')
2026-03-11 16:47:42,927 - UI_AUTO - INFO - base_page.py:24 - 元素 ('xpath', '//*[@id="root"]/section/main/div/div[1]/div[3]/div/div[2]/div[1]/div[3]/label/span/div') 已可见
2026-03-11 16:47:42,969 - UI_AUTO - INFO - base_page.py:35 - 点击元素 ('xpath', '//*[@id="root"]/section/main/div/div[1]/div[3]/div/div[2]/div[1]/div[3]/label/span/div')
2026-03-11 16:47:42,985 - UI_AUTO - INFO - base_page.py:24 - 元素 ('xpath', '//*[@id="account_input"]') 已可见
2026-03-11 16:47:43,087 - UI_AUTO - INFO - base_page.py:42 - 向元素 ('xpath', '//*[@id="account_input"]') 输入文本：username
2026-03-11 16:47:43,121 - UI_AUTO - INFO - base_page.py:24 - 元素 ('xpath', '//*[@id="password_input"]') 已可见
2026-03-11 16:47:43,212 - UI_AUTO - INFO - base_page.py:42 - 向元素 ('xpath', '//*[@id="password_input"]') 输入文本：password
2026-03-11 16:47:43,249 - UI_AUTO - INFO - base_page.py:24 - 元素 ('xpath', '//*[@id="root"]/section/main/div/div[1]/div[3]/div/div[2]/div[1]/div[1]/form/button') 已可见
2026-03-11 16:47:43,304 - UI_AUTO - INFO - base_page.py:35 - 点击元素 ('xpath', '//*[@id="root"]/section/main/div/div[1]/div[3]/div/div[2]/div[1]/div[1]/form/button')
2026-03-11 16:47:53,306 - UI_AUTO - INFO - driver_manager.py:64 - 调试模式：驱动未关闭，浏览器将保留
2026-03-11 16:47:53,306 - UI_AUTO - INFO - conftest.py:12 - ===== UI 自动化测试执行完毕 =====
2026-03-11 16:47:53,315 - UI_AUTO - INFO - run_tests.py:27 - 测试报告已生成：C:\Users\Simon Cui\PycharmProjects\ui_auto_framework\reports\test_report.html
2026-03-11 16:48:10,348 - UI_AUTO - INFO - run_tests.py:25 - 开始执行测试用例...
2026-03-11 16:48:11,089 - UI_AUTO - INFO - conftest.py:9 - ===== 开始执行 UI 自动化测试 =====
2026-03-11 16:48:12,627 - UI_AUTO - INFO - driver_manager.py:52 - 成功初始化 chrome 驱动
2026-03-11 16:48:13,693 - UI_AUTO - INFO - base_page.py:54 - 打开网址：https://feilian.isoftstone.com:10443/login
2026-03-11 16:48:14,468 - UI_AUTO - INFO - base_page.py:24 - 元素 ('xpath', '//*[@id="root"]/section/main/div/div[1]/div[3]/div/div[2]/div[2]/div[2]/div[4]') 已可见
2026-03-11 16:48:14,527 - UI_AUTO - INFO - base_page.py:35 - 点击元素 ('xpath', '//*[@id="root"]/section/main/div/div[1]/div[3]/div/div[2]/div[2]/div[2]/div[4]')
2026-03-11 16:48:14,543 - UI_AUTO - INFO - base_page.py:24 - 元素 ('xpath', '//*[@id="root"]/section/main/div/div[1]/div[3]/div/div[2]/div[1]/div[3]/label/span/div') 已可见
2026-03-11 16:48:14,608 - UI_AUTO - INFO - base_page.py:35 - 点击元素 ('xpath', '//*[@id="root"]/section/main/div/div[1]/div[3]/div/div[2]/div[1]/div[3]/label/span/div')
2026-03-11 16:48:14,610 - UI_AUTO - INFO - base_page.py:24 - 元素 ('xpath', '//*[@id="account_input"]') 已可见
2026-03-11 16:48:14,702 - UI_AUTO - INFO - base_page.py:42 - 向元素 ('xpath', '//*[@id="account_input"]') 输入文本：username
2026-03-11 16:48:14,742 - UI_AUTO - INFO - base_page.py:24 - 元素 ('xpath', '//*[@id="password_input"]') 已可见
2026-03-11 16:48:14,810 - UI_AUTO - INFO - base_page.py:42 - 向元素 ('xpath', '//*[@id="password_input"]') 输入文本：password
2026-03-11 16:48:14,837 - UI_AUTO - INFO - base_page.py:24 - 元素 ('xpath', '//*[@id="root"]/section/main/div/div[1]/div[3]/div/div[2]/div[1]/div[1]/form/button') 已可见
2026-03-11 16:48:14,895 - UI_AUTO - INFO - base_page.py:35 - 点击元素 ('xpath', '//*[@id="root"]/section/main/div/div[1]/div[3]/div/div[2]/div[1]/div[1]/form/button')
2026-03-11 16:48:25,195 - UI_AUTO - INFO - driver_manager.py:64 - 调试模式：驱动未关闭，浏览器将保留
2026-03-11 16:48:25,196 - UI_AUTO - INFO - conftest.py:12 - ===== UI 自动化测试执行完毕 =====
2026-03-11 16:48:25,231 - UI_AUTO - INFO - run_tests.py:27 - 测试报告已生成：C:\Users\Simon Cui\PycharmProjects\ui_auto_framework\reports\test_report.html
2026-03-11 16:51:22,771 - UI_AUTO - INFO - run_tests.py:25 - 开始执行测试用例...
2026-03-11 16:51:23,859 - UI_AUTO - INFO - run_tests.py:27 - 测试报告已生成：C:\Users\Simon Cui\PycharmProjects\ui_auto_framework\reports\test_report.html
2026-03-11 16:56:01,000 - UI_AUTO - INFO - run_tests.py:25 - 开始执行测试用例...
2026-03-11 16:56:02,041 - UI_AUTO - INFO - run_tests.py:27 - 测试报告已生成：C:\Users\Simon Cui\PycharmProjects\ui_auto_framework\reports\test_report.html
2026-03-11 16:56:17,178 - UI_AUTO - INFO - run_tests.py:25 - 开始执行测试用例...
2026-03-11 16:56:17,881 - UI_AUTO - INFO - conftest.py:9 - ===== 开始执行 UI 自动化测试 =====
2026-03-11 16:56:19,454 - UI_AUTO - INFO - driver_manager.py:52 - 成功初始化 chrome 驱动
2026-03-11 16:56:20,519 - UI_AUTO - INFO - base_page.py:54 - 打开网址：https://feilian.isoftstone.com:10443/login
2026-03-11 16:56:21,339 - UI_AUTO - INFO - base_page.py:24 - 元素 ('xpath', '//*[@id="root"]/section/main/div/div[1]/div[3]/div/div[2]/div[2]/div[2]/div[4]') 已可见
2026-03-11 16:56:21,398 - UI_AUTO - INFO - base_page.py:35 - 点击元素 ('xpath', '//*[@id="root"]/section/main/div/div[1]/div[3]/div/div[2]/div[2]/div[2]/div[4]')
2026-03-11 16:56:21,411 - UI_AUTO - INFO - base_page.py:24 - 元素 ('xpath', '//*[@id="root"]/section/main/div/div[1]/div[3]/div/div[2]/div[1]/div[3]/label/span/div') 已可见
2026-03-11 16:56:21,465 - UI_AUTO - INFO - base_page.py:35 - 点击元素 ('xpath', '//*[@id="root"]/section/main/div/div[1]/div[3]/div/div[2]/div[1]/div[3]/label/span/div')
2026-03-11 16:56:21,478 - UI_AUTO - INFO - base_page.py:24 - 元素 ('xpath', '//*[@id="account_input"]') 已可见
2026-03-11 16:56:21,570 - UI_AUTO - INFO - base_page.py:42 - 向元素 ('xpath', '//*[@id="account_input"]') 输入文本：username
2026-03-11 16:56:21,602 - UI_AUTO - INFO - base_page.py:24 - 元素 ('xpath', '//*[@id="password_input"]') 已可见
2026-03-11 16:56:21,694 - UI_AUTO - INFO - base_page.py:42 - 向元素 ('xpath', '//*[@id="password_input"]') 输入文本：password
2026-03-11 16:56:21,727 - UI_AUTO - INFO - base_page.py:24 - 元素 ('xpath', '//*[@id="root"]/section/main/div/div[1]/div[3]/div/div[2]/div[1]/div[1]/form/button') 已可见
2026-03-11 16:56:21,777 - UI_AUTO - INFO - base_page.py:35 - 点击元素 ('xpath', '//*[@id="root"]/section/main/div/div[1]/div[3]/div/div[2]/div[1]/div[1]/form/button')
2026-03-11 16:56:32,024 - UI_AUTO - INFO - base_page.py:54 - 打开网址：https://feilian.isoftstone.com:10443/login
2026-03-11 16:56:32,884 - UI_AUTO - INFO - base_page.py:24 - 元素 ('xpath', '//*[@id="root"]/section/main/div/div[1]/div[3]/div/div[2]/div[2]/div[2]/div[4]') 已可见
2026-03-11 16:56:32,937 - UI_AUTO - INFO - base_page.py:35 - 点击元素 ('xpath', '//*[@id="root"]/section/main/div/div[1]/div[3]/div/div[2]/div[2]/div[2]/div[4]')
2026-03-11 16:56:32,968 - UI_AUTO - INFO - base_page.py:24 - 元素 ('xpath', '//*[@id="root"]/section/main/div/div[1]/div[3]/div/div[2]/div[1]/div[3]/label/span/div') 已可见
2026-03-11 16:56:33,010 - UI_AUTO - INFO - base_page.py:35 - 点击元素 ('xpath', '//*[@id="root"]/section/main/div/div[1]/div[3]/div/div[2]/div[1]/div[3]/label/span/div')
2026-03-11 16:56:33,027 - UI_AUTO - INFO - base_page.py:24 - 元素 ('xpath', '//*[@id="account_input"]') 已可见
2026-03-11 16:56:33,119 - UI_AUTO - INFO - base_page.py:42 - 向元素 ('xpath', '//*[@id="account_input"]') 输入文本：username
2026-03-11 16:56:33,135 - UI_AUTO - INFO - base_page.py:24 - 元素 ('xpath', '//*[@id="password_input"]') 已可见
2026-03-11 16:56:33,239 - UI_AUTO - INFO - base_page.py:42 - 向元素 ('xpath', '//*[@id="password_input"]') 输入文本：password
2026-03-11 16:56:33,260 - UI_AUTO - INFO - base_page.py:24 - 元素 ('xpath', '//*[@id="root"]/section/main/div/div[1]/div[3]/div/div[2]/div[1]/div[1]/form/button') 已可见
2026-03-11 16:56:33,336 - UI_AUTO - INFO - base_page.py:35 - 点击元素 ('xpath', '//*[@id="root"]/section/main/div/div[1]/div[3]/div/div[2]/div[1]/div[1]/form/button')
2026-03-11 16:56:43,338 - UI_AUTO - INFO - driver_manager.py:64 - 调试模式：驱动未关闭，浏览器将保留
2026-03-11 16:56:43,338 - UI_AUTO - INFO - conftest.py:12 - ===== UI 自动化测试执行完毕 =====
2026-03-11 16:56:43,346 - UI_AUTO - INFO - run_tests.py:27 - 测试报告已生成：C:\Users\Simon Cui\PycharmProjects\ui_auto_framework\reports\test_report.html
2026-03-11 16:57:42,294 - UI_AUTO - INFO - conftest.py:9 - ===== 开始执行 UI 自动化测试 =====
2026-03-11 16:57:43,991 - UI_AUTO - INFO - driver_manager.py:52 - 成功初始化 chrome 驱动
2026-03-11 16:57:45,104 - UI_AUTO - INFO - base_page.py:54 - 打开网址：https://feilian.isoftstone.com:10443/login
2026-03-11 16:57:45,962 - UI_AUTO - INFO - base_page.py:24 - 元素 ('xpath', '//*[@id="root"]/section/main/div/div[1]/div[3]/div/div[2]/div[2]/div[2]/div[4]') 已可见
2026-03-11 16:57:46,025 - UI_AUTO - INFO - base_page.py:35 - 点击元素 ('xpath', '//*[@id="root"]/section/main/div/div[1]/div[3]/div/div[2]/div[2]/div[2]/div[4]')
2026-03-11 16:57:46,043 - UI_AUTO - INFO - base_page.py:24 - 元素 ('xpath', '//*[@id="root"]/section/main/div/div[1]/div[3]/div/div[2]/div[1]/div[3]/label/span/div') 已可见
2026-03-11 16:57:46,099 - UI_AUTO - INFO - base_page.py:35 - 点击元素 ('xpath', '//*[@id="root"]/section/main/div/div[1]/div[3]/div/div[2]/div[1]/div[3]/label/span/div')
2026-03-11 16:57:46,120 - UI_AUTO - INFO - base_page.py:24 - 元素 ('xpath', '//*[@id="account_input"]') 已可见
2026-03-11 16:57:46,213 - UI_AUTO - INFO - base_page.py:42 - 向元素 ('xpath', '//*[@id="account_input"]') 输入文本：username
2026-03-11 16:57:46,231 - UI_AUTO - INFO - base_page.py:24 - 元素 ('xpath', '//*[@id="password_input"]') 已可见
2026-03-11 16:57:46,332 - UI_AUTO - INFO - base_page.py:42 - 向元素 ('xpath', '//*[@id="password_input"]') 输入文本：password
2026-03-11 16:57:46,358 - UI_AUTO - INFO - base_page.py:24 - 元素 ('xpath', '//*[@id="root"]/section/main/div/div[1]/div[3]/div/div[2]/div[1]/div[1]/form/button') 已可见
2026-03-11 16:57:46,418 - UI_AUTO - INFO - base_page.py:35 - 点击元素 ('xpath', '//*[@id="root"]/section/main/div/div[1]/div[3]/div/div[2]/div[1]/div[1]/form/button')
2026-03-11 16:57:56,684 - UI_AUTO - INFO - base_page.py:54 - 打开网址：https://feilian.isoftstone.com:10443/login
2026-03-11 16:57:57,437 - UI_AUTO - INFO - base_page.py:24 - 元素 ('xpath', '//*[@id="root"]/section/main/div/div[1]/div[3]/div/div[2]/div[2]/div[2]/div[4]') 已可见
2026-03-11 16:57:57,492 - UI_AUTO - INFO - base_page.py:35 - 点击元素 ('xpath', '//*[@id="root"]/section/main/div/div[1]/div[3]/div/div[2]/div[2]/div[2]/div[4]')
2026-03-11 16:57:57,508 - UI_AUTO - INFO - base_page.py:24 - 元素 ('xpath', '//*[@id="root"]/section/main/div/div[1]/div[3]/div/div[2]/div[1]/div[3]/label/span/div') 已可见
2026-03-11 16:57:57,556 - UI_AUTO - INFO - base_page.py:35 - 点击元素 ('xpath', '//*[@id="root"]/section/main/div/div[1]/div[3]/div/div[2]/div[1]/div[3]/label/span/div')
2026-03-11 16:57:57,575 - UI_AUTO - INFO - base_page.py:24 - 元素 ('xpath', '//*[@id="account_input"]') 已可见
2026-03-11 16:57:57,654 - UI_AUTO - INFO - base_page.py:42 - 向元素 ('xpath', '//*[@id="account_input"]') 输入文本：username
2026-03-11 16:57:57,672 - UI_AUTO - INFO - base_page.py:24 - 元素 ('xpath', '//*[@id="password_input"]') 已可见
2026-03-11 16:57:57,754 - UI_AUTO - INFO - base_page.py:42 - 向元素 ('xpath', '//*[@id="password_input"]') 输入文本：password
2026-03-11 16:57:57,772 - UI_AUTO - INFO - base_page.py:24 - 元素 ('xpath', '//*[@id="root"]/section/main/div/div[1]/div[3]/div/div[2]/div[1]/div[1]/form/button') 已可见
2026-03-11 16:57:57,829 - UI_AUTO - INFO - base_page.py:35 - 点击元素 ('xpath', '//*[@id="root"]/section/main/div/div[1]/div[3]/div/div[2]/div[1]/div[1]/form/button')
2026-03-11 16:58:07,831 - UI_AUTO - INFO - driver_manager.py:64 - 调试模式：驱动未关闭，浏览器将保留
2026-03-11 16:58:07,831 - UI_AUTO - INFO - conftest.py:12 - ===== UI 自动化测试执行完毕 =====
2026-03-11 17:01:07,313 - UI_AUTO - INFO - run_tests.py:25 - 开始执行测试用例...
2026-03-11 17:01:08,250 - UI_AUTO - INFO - run_tests.py:27 - 测试报告已生成：C:\Users\Simon Cui\PycharmProjects\ui_auto_framework\reports\test_report.html
2026-03-11 17:01:25,693 - UI_AUTO - INFO - run_tests.py:25 - 开始执行测试用例...
2026-03-11 17:01:26,389 - UI_AUTO - INFO - conftest.py:9 - ===== 开始执行 UI 自动化测试 =====
2026-03-11 17:01:27,966 - UI_AUTO - INFO - driver_manager.py:52 - 成功初始化 chrome 驱动
2026-03-11 17:01:28,918 - UI_AUTO - INFO - base_page.py:54 - 打开网址：https://feilian.isoftstone.com:10443/login
2026-03-11 17:01:29,811 - UI_AUTO - INFO - base_page.py:24 - 元素 ('xpath', '//*[@id="root"]/section/main/div/div[1]/div[3]/div/div[2]/div[2]/div[2]/div[4]') 已可见
2026-03-11 17:01:29,873 - UI_AUTO - INFO - base_page.py:35 - 点击元素 ('xpath', '//*[@id="root"]/section/main/div/div[1]/div[3]/div/div[2]/div[2]/div[2]/div[4]')
2026-03-11 17:01:29,885 - UI_AUTO - INFO - base_page.py:24 - 元素 ('xpath', '//*[@id="root"]/section/main/div/div[1]/div[3]/div/div[2]/div[1]/div[3]/label/span/div') 已可见
2026-03-11 17:01:29,935 - UI_AUTO - INFO - base_page.py:35 - 点击元素 ('xpath', '//*[@id="root"]/section/main/div/div[1]/div[3]/div/div[2]/div[1]/div[3]/label/span/div')
2026-03-11 17:01:29,943 - UI_AUTO - INFO - base_page.py:24 - 元素 ('xpath', '//*[@id="account_input"]') 已可见
2026-03-11 17:01:30,035 - UI_AUTO - INFO - base_page.py:42 - 向元素 ('xpath', '//*[@id="account_input"]') 输入文本：username
2026-03-11 17:01:30,061 - UI_AUTO - INFO - base_page.py:24 - 元素 ('xpath', '//*[@id="password_input"]') 已可见
2026-03-11 17:01:30,110 - UI_AUTO - INFO - base_page.py:42 - 向元素 ('xpath', '//*[@id="password_input"]') 输入文本：password
2026-03-11 17:01:30,155 - UI_AUTO - INFO - base_page.py:24 - 元素 ('xpath', '//*[@id="root"]/section/main/div/div[1]/div[3]/div/div[2]/div[1]/div[1]/form/button') 已可见
2026-03-11 17:01:30,211 - UI_AUTO - INFO - base_page.py:35 - 点击元素 ('xpath', '//*[@id="root"]/section/main/div/div[1]/div[3]/div/div[2]/div[1]/div[1]/form/button')
2026-03-11 17:01:40,442 - UI_AUTO - INFO - driver_manager.py:64 - 调试模式：驱动未关闭，浏览器将保留
2026-03-11 17:01:40,442 - UI_AUTO - INFO - conftest.py:12 - ===== UI 自动化测试执行完毕 =====
2026-03-11 17:01:40,470 - UI_AUTO - INFO - run_tests.py:27 - 测试报告已生成：C:\Users\Simon Cui\PycharmProjects\ui_auto_framework\reports\test_report.html
2026-03-11 17:06:01,124 - UI_AUTO - INFO - run_tests.py:25 - 开始执行测试用例...
2026-03-11 17:06:01,864 - UI_AUTO - INFO - conftest.py:9 - ===== 开始执行 UI 自动化测试 =====
2026-03-11 17:06:03,396 - UI_AUTO - INFO - driver_manager.py:52 - 成功初始化 chrome 驱动
2026-03-11 17:06:04,467 - UI_AUTO - INFO - base_page.py:54 - 打开网址：https://feilian.isoftstone.com:10443/login
2026-03-11 17:06:05,277 - UI_AUTO - INFO - base_page.py:24 - 元素 ('xpath', '//*[@id="root"]/section/main/div/div[1]/div[3]/div/div[2]/div[2]/div[2]/div[4]') 已可见
2026-03-11 17:06:05,332 - UI_AUTO - INFO - base_page.py:35 - 点击元素 ('xpath', '//*[@id="root"]/section/main/div/div[1]/div[3]/div/div[2]/div[2]/div[2]/div[4]')
2026-03-11 17:06:05,360 - UI_AUTO - INFO - base_page.py:24 - 元素 ('xpath', '//*[@id="root"]/section/main/div/div[1]/div[3]/div/div[2]/div[1]/div[3]/label/span/div') 已可见
2026-03-11 17:06:05,428 - UI_AUTO - INFO - base_page.py:35 - 点击元素 ('xpath', '//*[@id="root"]/section/main/div/div[1]/div[3]/div/div[2]/div[1]/div[3]/label/span/div')
2026-03-11 17:06:05,444 - UI_AUTO - INFO - base_page.py:24 - 元素 ('xpath', '//*[@id="account_input"]') 已可见
2026-03-11 17:06:05,519 - UI_AUTO - INFO - base_page.py:42 - 向元素 ('xpath', '//*[@id="account_input"]') 输入文本：cycuim
2026-03-11 17:06:05,535 - UI_AUTO - INFO - base_page.py:24 - 元素 ('xpath', '//*[@id="password_input"]') 已可见
2026-03-11 17:06:05,619 - UI_AUTO - INFO - base_page.py:42 - 向元素 ('xpath', '//*[@id="password_input"]') 输入文本：uV*Z('m']2J),R
2026-03-11 17:06:05,627 - UI_AUTO - INFO - base_page.py:24 - 元素 ('xpath', '//*[@id="root"]/section/main/div/div[1]/div[3]/div/div[2]/div[1]/div[1]/form/button') 已可见
2026-03-11 17:06:05,676 - UI_AUTO - INFO - base_page.py:35 - 点击元素 ('xpath', '//*[@id="root"]/section/main/div/div[1]/div[3]/div/div[2]/div[1]/div[1]/form/button')
2026-03-11 17:06:15,918 - UI_AUTO - INFO - driver_manager.py:64 - 调试模式：驱动未关闭，浏览器将保留
2026-03-11 17:06:15,918 - UI_AUTO - INFO - conftest.py:12 - ===== UI 自动化测试执行完毕 =====
2026-03-11 17:06:15,949 - UI_AUTO - INFO - run_tests.py:27 - 测试报告已生成：C:\Users\Simon Cui\PycharmProjects\ui_auto_framework\reports\test_report.html
2026-03-11 17:32:43,235 - UI_AUTO - INFO - run_tests.py:25 - 开始执行测试用例...
2026-03-11 17:32:44,096 - UI_AUTO - INFO - conftest.py:9 - ===== 开始执行 UI 自动化测试 =====
2026-03-11 17:32:45,811 - UI_AUTO - INFO - driver_manager.py:52 - 成功初始化 chrome 驱动
2026-03-11 17:32:47,060 - UI_AUTO - INFO - base_page.py:54 - 打开网址：https://feilian.isoftstone.com:10443/login
2026-03-11 17:32:47,929 - UI_AUTO - INFO - base_page.py:24 - 元素 ('xpath', '//*[@id="root"]/section/main/div/div[1]/div[3]/div/div[2]/div[2]/div[2]/div[4]') 已可见
2026-03-11 17:32:47,991 - UI_AUTO - INFO - base_page.py:35 - 点击元素 ('xpath', '//*[@id="root"]/section/main/div/div[1]/div[3]/div/div[2]/div[2]/div[2]/div[4]')
2026-03-11 17:32:48,020 - UI_AUTO - INFO - base_page.py:24 - 元素 ('xpath', '//*[@id="root"]/section/main/div/div[1]/div[3]/div/div[2]/div[1]/div[3]/label/span/div') 已可见
2026-03-11 17:32:48,062 - UI_AUTO - INFO - base_page.py:35 - 点击元素 ('xpath', '//*[@id="root"]/section/main/div/div[1]/div[3]/div/div[2]/div[1]/div[3]/label/span/div')
2026-03-11 17:32:48,079 - UI_AUTO - INFO - base_page.py:24 - 元素 ('xpath', '//*[@id="account_input"]') 已可见
2026-03-11 17:32:48,154 - UI_AUTO - INFO - base_page.py:42 - 向元素 ('xpath', '//*[@id="account_input"]') 输入文本：cycuim
2026-03-11 17:32:48,179 - UI_AUTO - INFO - base_page.py:24 - 元素 ('xpath', '//*[@id="password_input"]') 已可见
2026-03-11 17:32:48,264 - UI_AUTO - INFO - base_page.py:42 - 向元素 ('xpath', '//*[@id="password_input"]') 输入文本：uV*Z('m']2J),R
2026-03-11 17:32:48,298 - UI_AUTO - INFO - base_page.py:24 - 元素 ('xpath', '//*[@id="root"]/section/main/div/div[1]/div[3]/div/div[2]/div[1]/div[1]/form/button') 已可见
2026-03-11 17:32:48,362 - UI_AUTO - INFO - base_page.py:35 - 点击元素 ('xpath', '//*[@id="root"]/section/main/div/div[1]/div[3]/div/div[2]/div[1]/div[1]/form/button')
2026-03-11 17:32:58,080 - UI_AUTO - INFO - driver_manager.py:64 - 调试模式：驱动未关闭，浏览器将保留
2026-03-11 17:32:58,080 - UI_AUTO - INFO - conftest.py:12 - ===== UI 自动化测试执行完毕 =====
2026-03-11 17:33:16,436 - UI_AUTO - INFO - run_tests.py:25 - 开始执行测试用例...
2026-03-11 17:33:17,185 - UI_AUTO - INFO - conftest.py:9 - ===== 开始执行 UI 自动化测试 =====
2026-03-11 17:33:18,699 - UI_AUTO - INFO - driver_manager.py:52 - 成功初始化 chrome 驱动
2026-03-11 17:33:19,922 - UI_AUTO - INFO - base_page.py:54 - 打开网址：https://feilian.isoftstone.com:10443/login
2026-03-11 17:33:20,837 - UI_AUTO - INFO - base_page.py:24 - 元素 ('xpath', '//*[@id="root"]/section/main/div/div[1]/div[3]/div/div[2]/div[2]/div[2]/div[4]') 已可见
2026-03-11 17:33:20,929 - UI_AUTO - INFO - base_page.py:35 - 点击元素 ('xpath', '//*[@id="root"]/section/main/div/div[1]/div[3]/div/div[2]/div[2]/div[2]/div[4]')
2026-03-11 17:33:20,945 - UI_AUTO - INFO - base_page.py:24 - 元素 ('xpath', '//*[@id="root"]/section/main/div/div[1]/div[3]/div/div[2]/div[1]/div[3]/label/span/div') 已可见
2026-03-11 17:33:20,987 - UI_AUTO - INFO - base_page.py:35 - 点击元素 ('xpath', '//*[@id="root"]/section/main/div/div[1]/div[3]/div/div[2]/div[1]/div[3]/label/span/div')
2026-03-11 17:33:21,004 - UI_AUTO - INFO - base_page.py:24 - 元素 ('xpath', '//*[@id="account_input"]') 已可见
2026-03-11 17:33:21,082 - UI_AUTO - INFO - base_page.py:42 - 向元素 ('xpath', '//*[@id="account_input"]') 输入文本：cycuim
2026-03-11 17:33:21,101 - UI_AUTO - INFO - base_page.py:24 - 元素 ('xpath', '//*[@id="password_input"]') 已可见
2026-03-11 17:33:21,174 - UI_AUTO - INFO - base_page.py:42 - 向元素 ('xpath', '//*[@id="password_input"]') 输入文本：uV*Z('m']2J)
2026-03-11 17:33:21,197 - UI_AUTO - INFO - base_page.py:24 - 元素 ('xpath', '//*[@id="root"]/section/main/div/div[1]/div[3]/div/div[2]/div[1]/div[1]/form/button') 已可见
2026-03-11 17:33:21,255 - UI_AUTO - INFO - base_page.py:35 - 点击元素 ('xpath', '//*[@id="root"]/section/main/div/div[1]/div[3]/div/div[2]/div[1]/div[1]/form/button')
2026-03-11 17:33:31,484 - UI_AUTO - INFO - base_page.py:54 - 打开网址：https://feilian.isoftstone.com:10443/login
2026-03-11 17:33:32,981 - UI_AUTO - INFO - base_page.py:24 - 元素 ('xpath', '//*[@id="root"]/section/main/div/div[1]/div[3]/div/div[2]/div[2]/div[2]/div[4]') 已可见
2026-03-11 17:33:33,037 - UI_AUTO - INFO - base_page.py:35 - 点击元素 ('xpath', '//*[@id="root"]/section/main/div/div[1]/div[3]/div/div[2]/div[2]/div[2]/div[4]')
2026-03-11 17:33:33,057 - UI_AUTO - INFO - base_page.py:24 - 元素 ('xpath', '//*[@id="root"]/section/main/div/div[1]/div[3]/div/div[2]/div[1]/div[3]/label/span/div') 已可见
2026-03-11 17:33:33,100 - UI_AUTO - INFO - base_page.py:35 - 点击元素 ('xpath', '//*[@id="root"]/section/main/div/div[1]/div[3]/div/div[2]/div[1]/div[3]/label/span/div')
2026-03-11 17:33:33,129 - UI_AUTO - INFO - base_page.py:24 - 元素 ('xpath', '//*[@id="account_input"]') 已可见
2026-03-11 17:33:33,200 - UI_AUTO - INFO - base_page.py:42 - 向元素 ('xpath', '//*[@id="account_input"]') 输入文本：cycuim
2026-03-11 17:33:33,220 - UI_AUTO - INFO - base_page.py:24 - 元素 ('xpath', '//*[@id="password_input"]') 已可见
2026-03-11 17:33:33,291 - UI_AUTO - INFO - base_page.py:42 - 向元素 ('xpath', '//*[@id="password_input"]') 输入文本：uV*Z('m']2J),R
2026-03-11 17:33:33,304 - UI_AUTO - INFO - base_page.py:24 - 元素 ('xpath', '//*[@id="root"]/section/main/div/div[1]/div[3]/div/div[2]/div[1]/div[1]/form/button') 已可见
2026-03-11 17:33:33,346 - UI_AUTO - INFO - base_page.py:35 - 点击元素 ('xpath', '//*[@id="root"]/section/main/div/div[1]/div[3]/div/div[2]/div[1]/div[1]/form/button')
2026-03-11 17:33:43,352 - UI_AUTO - INFO - driver_manager.py:64 - 调试模式：驱动未关闭，浏览器将保留
2026-03-11 17:33:43,354 - UI_AUTO - INFO - conftest.py:12 - ===== UI 自动化测试执行完毕 =====
2026-03-11 17:33:43,369 - UI_AUTO - INFO - run_tests.py:27 - 测试报告已生成：C:\Users\Simon Cui\PycharmProjects\ui_auto_framework\reports\test_report.html
2026-03-11 17:41:47,515 - UI_AUTO - INFO - run_tests.py:25 - 开始执行测试用例...
2026-03-11 17:41:48,263 - UI_AUTO - INFO - conftest.py:9 - ===== 开始执行 UI 自动化测试 =====
2026-03-11 17:41:49,920 - UI_AUTO - INFO - driver_manager.py:52 - 成功初始化 chrome 驱动
2026-03-11 17:41:51,097 - UI_AUTO - INFO - base_page.py:54 - 打开网址：https://feilian.isoftstone.com:10443/login
2026-03-11 17:41:52,294 - UI_AUTO - INFO - base_page.py:24 - 元素 ('xpath', '//*[@id="root"]/section/main/div/div[1]/div[3]/div/div[2]/div[2]/div[2]/div[4]') 已可见
2026-03-11 17:41:52,351 - UI_AUTO - INFO - base_page.py:35 - 点击元素 ('xpath', '//*[@id="root"]/section/main/div/div[1]/div[3]/div/div[2]/div[2]/div[2]/div[4]')
2026-03-11 17:41:52,370 - UI_AUTO - INFO - base_page.py:24 - 元素 ('xpath', '//*[@id="root"]/section/main/div/div[1]/div[3]/div/div[2]/div[1]/div[3]/label/span/div') 已可见
2026-03-11 17:41:52,421 - UI_AUTO - INFO - base_page.py:35 - 点击元素 ('xpath', '//*[@id="root"]/section/main/div/div[1]/div[3]/div/div[2]/div[1]/div[3]/label/span/div')
2026-03-11 17:41:52,436 - UI_AUTO - INFO - base_page.py:24 - 元素 ('xpath', '//*[@id="account_input"]') 已可见
2026-03-11 17:41:52,530 - UI_AUTO - INFO - base_page.py:42 - 向元素 ('xpath', '//*[@id="account_input"]') 输入文本：cycuim
2026-03-11 17:41:52,554 - UI_AUTO - INFO - base_page.py:24 - 元素 ('xpath', '//*[@id="password_input"]') 已可见
2026-03-11 17:41:52,650 - UI_AUTO - INFO - base_page.py:42 - 向元素 ('xpath', '//*[@id="password_input"]') 输入文本：uV*Z('m']2J)
2026-03-11 17:41:52,674 - UI_AUTO - INFO - base_page.py:24 - 元素 ('xpath', '//*[@id="root"]/section/main/div/div[1]/div[3]/div/div[2]/div[1]/div[1]/form/button') 已可见
2026-03-11 17:41:52,730 - UI_AUTO - INFO - base_page.py:35 - 点击元素 ('xpath', '//*[@id="root"]/section/main/div/div[1]/div[3]/div/div[2]/div[1]/div[1]/form/button')
2026-03-11 17:42:02,922 - UI_AUTO - INFO - base_page.py:54 - 打开网址：https://feilian.isoftstone.com:10443/login
2026-03-11 17:42:03,971 - UI_AUTO - INFO - base_page.py:24 - 元素 ('xpath', '//*[@id="root"]/section/main/div/div[1]/div[3]/div/div[2]/div[2]/div[2]/div[4]') 已可见
2026-03-11 17:42:04,030 - UI_AUTO - INFO - base_page.py:35 - 点击元素 ('xpath', '//*[@id="root"]/section/main/div/div[1]/div[3]/div/div[2]/div[2]/div[2]/div[4]')
2026-03-11 17:42:04,055 - UI_AUTO - INFO - base_page.py:24 - 元素 ('xpath', '//*[@id="root"]/section/main/div/div[1]/div[3]/div/div[2]/div[1]/div[3]/label/span/div') 已可见
2026-03-11 17:42:04,116 - UI_AUTO - INFO - base_page.py:35 - 点击元素 ('xpath', '//*[@id="root"]/section/main/div/div[1]/div[3]/div/div[2]/div[1]/div[3]/label/span/div')
2026-03-11 17:42:04,147 - UI_AUTO - INFO - base_page.py:24 - 元素 ('xpath', '//*[@id="account_input"]') 已可见
2026-03-11 17:42:04,238 - UI_AUTO - INFO - base_page.py:42 - 向元素 ('xpath', '//*[@id="account_input"]') 输入文本：cycuim
2026-03-11 17:42:04,255 - UI_AUTO - INFO - base_page.py:24 - 元素 ('xpath', '//*[@id="password_input"]') 已可见
2026-03-11 17:42:04,342 - UI_AUTO - INFO - base_page.py:42 - 向元素 ('xpath', '//*[@id="password_input"]') 输入文本：uV*Z('m']2J),R
2026-03-11 17:42:04,354 - UI_AUTO - INFO - base_page.py:24 - 元素 ('xpath', '//*[@id="root"]/section/main/div/div[1]/div[3]/div/div[2]/div[1]/div[1]/form/button') 已可见
2026-03-11 17:42:04,404 - UI_AUTO - INFO - base_page.py:35 - 点击元素 ('xpath', '//*[@id="root"]/section/main/div/div[1]/div[3]/div/div[2]/div[1]/div[1]/form/button')
2026-03-11 17:42:14,410 - UI_AUTO - INFO - driver_manager.py:64 - 调试模式：驱动未关闭，浏览器将保留
2026-03-11 17:42:14,410 - UI_AUTO - INFO - conftest.py:12 - ===== UI 自动化测试执行完毕 =====
2026-03-11 17:42:14,425 - UI_AUTO - INFO - run_tests.py:27 - 测试报告已生成：C:\Users\Simon Cui\PycharmProjects\ui_auto_framework\reports\test_report.html
